============================================================
SKY130 InAmp — Folded-Cascode CCIA Evaluation
============================================================

>>> TB1: DC Gain (1 mV differential, transient 1s)
7
xota.fd2                               1.79897
xota.ncas                                  0.7
xota.ncmfb                                0.45
xota.ecmfb_int1                           0.45
b.xota.becmfb#branch                         0
bgfb_n#branch                                0
bgfb_p#branch                                0
bgpb_n#branch                                0
bgpb_p#branch                                0
e.xota.ecmfb#branch                          0
v.xota.vncas#branch                          0
vcm#branch                                   0
vin#branch                                   0
vip#branch                                   0
vdd#branch                        -1.58789e-06

 Reference value :  0.00000e+00
 Reference value :  4.14499e-04
 Reference value :  8.34947e-04
 Reference value :  1.92474e-02
 Reference value :  1.96292e-02
 Reference value :  1.44785e-01
 Reference value :  1.45241e-01
 Reference value :  1.45690e-01
 Reference value :  1.46141e-01
 Reference value :  1.46508e-01
 Reference value :  1.97139e-01
 Reference value :  1.97915e-01
 Reference value :  1.98411e-01
 Reference value :  1.98905e-01
 Reference value :  1.99307e-01
 Reference value :  1.99684e-01
No. of Data Rows : 7721
final_vdiff = -3.58510e-05
final_outp = -8.92740e-02
final_outn = -8.92381e-02
final_cm = -8.92560e-02
ngspice-42 done

Warning: m=xx on .subckt line will override multiplier m hierarchy!

Using SPARSE 1.3 as Direct Linear Solver
sh: 1: gnuplot: not found

  Vdiff_out=-0.036 mV  Gain=0.0 V/V = -28.9 dB
  Voutp=-0.0893  Voutn=-0.0892  CM=-0.0893
  WARNING: output may be saturated!

>>> TB2: AC Frequency Response

Note: Compatibility modes selected: hs a


Circuit: *lib "/home/ubuntu/workspace/sky130_models/sky130.lib.spice" tt

Doing analysis at TEMP = 27.000000 and TNOM = 27.000000

 Reference value :  1.00000e-02
No. of Data Rows : 501
gain_1hz            =  3.568080e+01
gain_60hz           =  3.578797e+01
gain_150hz          =  3.578797e+01
peak_gain           =  3.578798e+01 at=  9.120108e+01
bw_3db              =  1.030350e+06
gain_1hz = 3.568080e+01
gain_60hz = 3.578797e+01
gain_150hz = 3.578797e+01
peak_gain = 3.578798e+01
bw_3db = 1.030350e+06
ngspice-42 done

Warning: m=xx on .subckt line will override multiplier m hierarchy!

Using SPARSE 1.3 as Direct Linear Solver
Note: Starting dynamic gmin stepping
Note: Dynamic gmin stepping completed
sh: 1: gnuplot: not found

  gain_1hz = 35.68
  gain_60hz = 35.79
  gain_150hz = 35.79
  peak_gain = 35.79
  bw_3db = 1.03e+06

>>> TB3: CMRR

Note: Compatibility modes selected: hs a


Circuit: *lib "/home/ubuntu/workspace/sky130_models/sky130.lib.spice" tt

Doing analysis at TEMP = 27.000000 and TNOM = 27.000000

 Reference value :  1.00000e+00
No. of Data Rows : 201
cm_gain_60          =  -2.220917e+02
cm_gain_60 = -2.22092e+02
ngspice-42 done

Warning: m=xx on .subckt line will override multiplier m hierarchy!

Using SPARSE 1.3 as Direct Linear Solver
Note: Starting dynamic gmin stepping
Note: Dynamic gmin stepping completed
sh: 1: gnuplot: not found

  CM→Diff gain at 60 Hz = -222.1 dB
  CMRR = 35.8 - (-222.1) = 257.9 dB

>>> TB4: Input-Referred Noise (0.5–150 Hz)
arning: Source conductance reset to 1.0e3 mho.
Warning: Drain conductance reset to 1.0e3 mho.
Warning: Source conductance reset to 1.0e3 mho.
Warning: Drain conductance reset to 1.0e3 mho.
Warning: Source conductance reset to 1.0e3 mho.
Warning: Drain conductance reset to 1.0e3 mho.
Warning: Source conductance reset to 1.0e3 mho.
Warning: Drain conductance reset to 1.0e3 mho.
Warning: Source conductance reset to 1.0e3 mho.
Warning: Drain conductance reset to 1.0e3 mho.
Warning: Source conductance reset to 1.0e3 mho.
Warning: Drain conductance reset to 1.0e3 mho.
Warning: Source conductance reset to 1.0e3 mho.
Warning: Drain conductance reset to 1.0e3 mho.
Warning: Source conductance reset to 1.0e3 mho.
Warning: Drain conductance reset to 1.0e3 mho.
Warning: Source conductance reset to 1.0e3 mho.
Warning: Drain conductance reset to 1.0e3 mho.
Warning: Source conductance reset to 1.0e3 mho.
Warning: Drain conductance reset to 1.0e3 mho.
Warning: Source conductance reset to 1.0e3 mho.
Warning: Drain conductance reset to 1.0e3 mho.
Warning: Source conductance reset to 1.0e3 mho.
Warning: Drain conductance reset to 1.0e3 mho.
 Reference value :  5.00000e-01
No. of Data Rows : 248

No. of Data Rows : 1
onoise_total = 5.916859e-05
inoise_total = 9.626905e-07
ngspice-42 done

Warning: m=xx on .subckt line will override multiplier m hierarchy!

Using SPARSE 1.3 as Direct Linear Solver
Note: Starting dynamic gmin stepping
Note: Dynamic gmin stepping completed
sh: 1: gnuplot: not found

  Input-referred noise (0.5-150 Hz) = 0.963 µVrms
  Output noise (0.5-150 Hz) = 59.169 µVrms
  Input-referred noise = 0.963 µVrms

>>> TB5: Input Offset
a.becmfb#branch                         0
bgfb_n#branch                                0
bgfb_p#branch                                0
bgpb_n#branch                                0
bgpb_p#branch                                0
e.xota.ecmfb#branch                          0
v.xota.vncas#branch                          0
vcm#branch                                   0
vin#branch                                   0
vip#branch                                   0
vdd#branch                        -1.58789e-06

 Reference value :  0.00000e+00
 Reference value :  2.09668e-02
 Reference value :  2.14643e-02
 Reference value :  2.19517e-02
 Reference value :  1.31927e-01
 Reference value :  1.43021e-01
 Reference value :  1.43448e-01
 Reference value :  1.43893e-01
 Reference value :  1.44309e-01
No. of Data Rows : 3978
vfinal = -1.11816e-07
ngspice-42 done

Warning: m=xx on .subckt line will override multiplier m hierarchy!

Using SPARSE 1.3 as Direct Linear Solver
sh: 1: gnuplot: not found

  Output offset = -0.000 mV
  Input offset = 0.0 µV

>>> TB6: Electrode Offset Tolerance
  Off +300mV: Vdiff=-0.09mV gain=-21.2dB sat=no
    Voutp=0.9064 Voutn=0.9065
  Off -300mV: Vdiff=1.21mV gain=1.7dB sat=YES
    Voutp=4.8346 Voutn=4.8333

>>> TB7: Realistic ECG Transient
Reference value :  1.89933e-02
 Reference value :  1.93628e-02
 Reference value :  1.96816e-02
 Reference value :  2.00119e-02
 Reference value :  2.03154e-02
 Reference value :  2.06398e-02
 Reference value :  2.09729e-02
 Reference value :  2.13077e-02
 Reference value :  2.16870e-02
 Reference value :  2.19883e-02
 Reference value :  2.23413e-02
 Reference value :  2.27117e-02
 Reference value :  2.30652e-02
 Reference value :  2.34417e-02
 Reference value :  2.38453e-02
 Reference value :  2.42528e-02
 Reference value :  2.45810e-02
 Reference value :  2.50287e-02
 Reference value :  2.53313e-02
 Reference value :  2.56564e-02
 Reference value :  2.59222e-02
 Reference value :  2.63022e-02
 Reference value :  2.66114e-02
 Reference value :  2.69869e-02
 Reference value :  2.73153e-02
 Reference value :  2.76477e-02
 Reference value :  2.80380e-02
 Reference value :  2.83649e-02
 Reference value :  2.86901e-02
 Reference value :  2.90078e-02
 Reference value :  2.93339e-02
 Reference value :  2.97261e-02
 Reference value :  3.00631e-02
 Reference value :  3.04415e-02
 Reference value :  3.08233e-02
 Reference value :  3.11874e-02
 Reference value :  3.14465e-02
maxout = 9.079342e+00
minout = -6.22713e-01
ngspice-42 done

Warning: m=xx on .subckt line will override multiplier m hierarchy!

Using SPARSE 1.3 as Direct Linear Solver
doAnalyses: TRAN:  Timestep too small; time = 0.0314465, timestep = 1.25e-17: trouble with node "e.xota.ecmfb#branch"


run simulation(s) aborted

  Max output: 9.0793 V
  Min output: -0.6227 V
  WARNING: Output saturated!
  ECG plot saved

>>> Power Consumption

Note: Compatibility modes selected: hs a


Circuit: *lib "/home/ubuntu/workspace/sky130_models/sky130.lib.spice" tt

Doing analysis at TEMP = 27.000000 and TNOM = 27.000000

 Reference value :  0.00000e+00
No. of Data Rows : 1
idd = 5.957858e-06
pwr = 1.072414e+01
ngspice-42 done

Warning: m=xx on .subckt line will override multiplier m hierarchy!

Using SPARSE 1.3 as Direct Linear Solver
Note: Starting dynamic gmin stepping
Note: Dynamic gmin stepping completed

  Isupply=5.96 µA  Power=10.72 µW

============================================================
SCORING
============================================================
  gain_db                             tgt=     >34  val=       35.79  [PASS] w=15
  input_referred_noise_uvrms          tgt=    <1.5  val=      0.9627  [PASS] w=25
  cmrr_60hz_db                        tgt=    >100  val=       257.9  [PASS] w=20
  input_offset_uv                     tgt=     <50  val=    0.001816  [PASS] w=15
  bandwidth_hz                        tgt=  >10000  val=    1.03e+06  [PASS] w=10
  power_uw                            tgt=     <15  val=       10.72  [PASS] w=15

  Score: 1.0000  (6/6 pass)

score = 1.0000
specs_met = 6/6

============================================================
TB8: PVT CORNER ANALYSIS
============================================================
  tt   -40°C: gain=  35.7dB  noise=  0.88µV  BW=   1.00M  [PASS]
  tt   +27°C: gain=  35.8dB  noise=  0.96µV  BW=   1.03M  [PASS]
  tt  +125°C: gain=  35.8dB  noise=  1.08µV  BW=   1.06M  [PASS]
  ss   -40°C: gain=  35.7dB  noise=  0.89µV  BW=   0.92M  [PASS]
  ss   +27°C: gain=  35.8dB  noise=  0.96µV  BW=   0.94M  [PASS]
  ss  +125°C: gain=  35.8dB  noise=  1.08µV  BW=   0.95M  [PASS]
  ff   -40°C: gain=  35.8dB  noise=  0.87µV  BW=   1.10M  [PASS]
  ff   +27°C: gain=  35.8dB  noise=  0.97µV  BW=   1.13M  [PASS]
  ff  +125°C: gain=  35.8dB  noise=  1.09µV  BW=   1.17M  [PASS]
  sf   -40°C: gain=  35.8dB  noise=  0.91µV  BW=   1.12M  [PASS]
  sf   +27°C: gain=  35.8dB  noise=  0.98µV  BW=   1.19M  [PASS]
  sf  +125°C: gain=  35.8dB  noise=  1.09µV  BW=   1.22M  [PASS]
  fs   -40°C: gain=  35.6dB  noise=  0.85µV  BW=   0.91M  [PASS]
  fs   +27°C: gain=  35.7dB  noise=  0.95µV  BW=   0.91M  [PASS]
  fs  +125°C: gain=  35.8dB  noise=  1.07µV  BW=   0.92M  [PASS]

  PVT: 15/15 corners pass
