============================================================
BANDGAP VOLTAGE REFERENCE EVALUATION
============================================================

Parameters: {'p_wp_pass': '20e-6', 'p_lp_pass': '1e-6', 'p_ra_l': '122e-6', 'p_rptat_l': '12.5e-6', 'p_r_w': '0.69e-6', 'p_nbjt': '8', 'p_wn_ota': '2e-6', 'p_ln_ota': '3e-6', 'p_wp_ota': '2e-6', 'p_lp_ota': '5e-6', 'p_wn_tail': '1e-6', 'p_ln_tail': '4e-6', 'p_cap': '5e-12'}

=== TB1: DC Operating Point ===
  V_REF = 1.229209 V
  I_DD  = 4.749350e-06 A
  Power = 8.55 uW

=== TB2: Temperature Sweep ===
  TC = 30.6 ppm/C
  V_REF(27C) = 1.229209 V
  V_REF_min  = 1.224534 V (at T=107.0C)
  V_REF_max  = 1.230733 V (at T=3.0C)

=== TB3: Supply Sweep (Line Regulation / PSRR) ===
  Delta_VREF = 20.0 uV
  Line Reg   = 0.06 mV/V
  PSRR_DC    = 85.1 dB

=== TB4: Startup Transient ===
  Final V_REF = 1.2292 V
  Startup time = 6.8 us

============================================================
SCORING
============================================================
  vref_v: 1.2292 (1.15 to 1.25) [PASS] margin=41.6% ✓25% (weight=20)
  tc_ppm_c: 30.5632 (<50) [PASS] margin=38.9% ✓25% (weight=25)
  psrr_dc_db: 85.0924 (>60) [PASS] margin=41.8% ✓25% (weight=20)
  line_regulation_mv_v: 0.0556 (<5) [PASS] margin=98.9% ✓25% (weight=10)
  power_uw: 8.5488 (<20) [PASS] margin=57.3% ✓25% (weight=15)
  startup_time_us: 6.8280 (<100) [PASS] margin=93.2% ✓25% (weight=10)

score = 1.0000
specs_met = 6/6
all_25pct_margin = True

=== TB5: PVT Corner Analysis ===
  PVT: 25/25 corners pass (V_REF in 1.15-1.25V)

Results saved to measurements.json
Plots saved to /home/ubuntu/workspace/sky130-bio-afe/blocks/bandgap/plots/
